<?xml version="1.0" encoding="UTF-8"?>
<Site BuildName="(empty)"
	BuildStamp="20240703-1214-Experimental"
	Name="bikelab-desktop"
	Generator="ctest-3.22.1"
	CompilerName="/usr/bin/c++"
	CompilerVersion="11.4.0"
	OSName="Linux"
	Hostname="bikelab-desktop"
	OSRelease="5.15.0-1055-raspi"
	OSVersion="#58-Ubuntu SMP PREEMPT Sat May 4 03:52:40 UTC 2024"
	OSPlatform="aarch64"
	Is64Bits="1"
	VendorString=""
	VendorID="Unknown Manufacturer"
	FamilyID="8"
	ModelID="0"
	ProcessorCacheSize="0"
	NumberOfLogicalCPU="4"
	NumberOfPhysicalCPU="1"
	TotalVirtualMemory="1023"
	TotalPhysicalMemory="3790"
	LogicalProcessorsPerPhysical="4"
	ProcessorClockFrequency="0"
	>
	<Testing>
		<StartDateTime>Jul 03 14:24 CEST</StartDateTime>
		<StartTestTime>1720009494</StartTestTime>
		<TestList/>
		<EndDateTime>Jul 03 14:24 CEST</EndDateTime>
		<EndTestTime>1720009494</EndTestTime>
		<ElapsedMinutes>0</ElapsedMinutes>
	</Testing>
</Site>
